#
# A fatal error has been detected by the Java Runtime Environment:
#
#  EXCEPTION_ACCESS_VIOLATION (0xc0000005) at pc=0x00007ffa74bac360, pid=3552, tid=12876
#
# JRE version: Java(TM) SE Runtime Environment (13.0.1+9) (build 13.0.1+9)
# Java VM: Java HotSpot(TM) 64-Bit Server VM (13.0.1+9, mixed mode, sharing, tiered, compressed oops, g1 gc, windows-amd64)
# Problematic frame:
# V  [jvm.dll+0x2fc360]
#
# No core dump will be written. Minidumps are not enabled by default on client versions of Windows
#
# If you would like to submit a bug report, please visit:
#   http://bugreport.java.com/bugreport/crash.jsp
#

---------------  S U M M A R Y ------------

Command Line: -Dcom.sun.management.jmxremote -Dcom.sun.management.jmxremote.port=64554 -Dcom.sun.management.jmxremote.authenticate=false -Dcom.sun.management.jmxremote.ssl=false -Djava.rmi.server.hostname=localhost -Dspring.jmx.enabled=true -Dspring.liveBeansView.mbeanDomain -Dspring.application.admin.enabled=true -Xverify:none -XX:TieredStopAtLevel=1 -Dspring.boot.project.name=projet_spring2020 -Dfile.encoding=UTF-8 com.example.demo.ProjetSpring2020Application --spring.output.ansi.enabled=always

Host: Intel(R) Xeon(R) CPU           E5630  @ 2.53GHz, 4 cores, 13G,  Windows 10 , 64 bit Build 18362 (10.0.18362.329)
Time: Thu Jan  2 20:44:36 2020 Paris, Madrid elapsed time: 14484 seconds (0d 4h 1m 24s)

---------------  T H R E A D  ---------------

Current thread (0x000001db5655f800):  GCTaskThread "GC Thread#0" [stack: 0x0000005306800000,0x0000005306900000] [id=12876]

Stack: [0x0000005306800000,0x0000005306900000],  sp=0x00000053068ff720,  free space=1021k
Native frames: (J=compiled Java code, j=interpreted, Vv=VM code, C=native code)
V  [jvm.dll+0x2fc360]
V  [jvm.dll+0x2fa707]
V  [jvm.dll+0x3008bb]
V  [jvm.dll+0x30026d]
V  [jvm.dll+0x2ffaed]
V  [jvm.dll+0x79f760]
V  [jvm.dll+0x731c0a]
V  [jvm.dll+0x6260c6]
C  [ucrtbase.dll+0x20e72]
C  [KERNEL32.DLL+0x17bd4]
C  [ntdll.dll+0x6ced1]


siginfo: EXCEPTION_ACCESS_VIOLATION (0xc0000005), reading address 0xffffffffffffffff


Register to memory mapping:

RIP=0x00007ffa74bac360 jvm.dll
RAX=0x000001db6eef0000 points into unknown readable memory: 01 00 00 00 00 00 00 00
RBX=0x000001db56560408 points into unknown readable memory: 00 b0 12 75 fa 7f 00 00
RCX=0x007ffffffc720000 is an unknown value
RDX=0x1fffffff1c800000 is an unknown value
RSP=0x00000053068ff720 points into unknown readable memory: 00 00 00 00 00 00 00 00
RBP=0x000000000000000c is an unknown value
RSI=0x0000000000000001 is an unknown value
RDI=0x0000000004000000 is an unknown value
R8 =0x0000000000000005 is an unknown value
R9 =0x0000000800000000 is pointing into metadata
R10=0x0000000721282970 is an oop: [Ljava.lang.reflect.Method; 
{0x0000000721282970} - klass: 'java/lang/reflect/Method'[]
 - length: 51
R11=0x000000000000000c is an unknown value
R12=0x0000000800390e38 is pointing into metadata
R13=0x000001db78e51408 points into unknown readable memory: 38 d2 12 75 fa 7f 00 00
R14=0x000001db78e51040 points into unknown readable memory: 01 00 00 00 36 00 00 00
R15=0x000001db78e51040 points into unknown readable memory: 01 00 00 00 36 00 00 00


Registers:
RAX=0x000001db6eef0000, RBX=0x000001db56560408, RCX=0x007ffffffc720000, RDX=0x1fffffff1c800000
RSP=0x00000053068ff720, RBP=0x000000000000000c, RSI=0x0000000000000001, RDI=0x0000000004000000
R8 =0x0000000000000005, R9 =0x0000000800000000, R10=0x0000000721282970, R11=0x000000000000000c
R12=0x0000000800390e38, R13=0x000001db78e51408, R14=0x000001db78e51040, R15=0x000001db78e51040
RIP=0x00007ffa74bac360, EFLAGS=0x0000000000010206

Top of Stack: (sp=0x00000053068ff720)
0x00000053068ff720:   0000000000000000 00007ffaa5f335d0
0x00000053068ff730:   0000000000000000 00007ffaa5f408b7
0x00000053068ff740:   0000000000000ab4 0000000000000001
0x00000053068ff750:   0000000800390e30 00007ffa74baa707
0x00000053068ff760:   0000000721283b84 0000000004000000
0x00000053068ff770:   000000000000000b 000001db78e51040
0x00000053068ff780:   0000000000000000 0000005306dff3b0
0x00000053068ff790:   0000000000000010 00007ffa748b0000
0x00000053068ff7a0:   000001db78e51040 00007ffa74bb08bb
0x00000053068ff7b0:   000000000000000c 0000000721283b30
0x00000053068ff7c0:   0000000721283b30 00000053068ff828
0x00000053068ff7d0:   0000000000000000 00007ffa00000000
0x00000053068ff7e0:   0000000000000000 00007ffa74bac38f
0x00000053068ff7f0:   0000000000001273 0000000000000000
0x00000053068ff800:   0000000000001272 00000053068ff890
0x00000053068ff810:   0000005306dff3b0 000001db7cde8680 

Instructions: (pc=0x00007ffa74bac360)
0x00007ffa74bac260:   00 00 84 c0 74 0c 48 8d 4f 10 48 8b d3 e8 0e 07
0x00007ffa74bac270:   00 00 48 8b 7c 24 30 48 83 c4 20 5b c3 cc cc cc
0x00007ffa74bac280:   e9 1b 4f 00 00 cc cc cc cc cc cc cc cc cc cc cc
0x00007ffa74bac290:   e9 bb 52 00 00 cc cc cc cc cc cc cc cc cc cc cc
0x00007ffa74bac2a0:   80 3d 59 4b 78 00 00 48 8b d1 74 19 8b 0d 36 07
0x00007ffa74bac2b0:   70 00 48 8b 05 1f 07 70 00 48 d3 ea 80 3c 02 00
0x00007ffa74bac2c0:   74 03 b0 01 c3 32 c0 c3 cc cc cc cc cc cc cc cc
0x00007ffa74bac2d0:   48 8b 01 48 8b 80 a8 03 00 00 48 8b 80 a0 00 00
0x00007ffa74bac2e0:   00 c3 cc cc cc cc cc cc cc cc cc cc cc cc cc cc
0x00007ffa74bac2f0:   48 89 5c 24 08 48 89 74 24 10 48 89 7c 24 18 4c
0x00007ffa74bac300:   89 74 24 20 41 57 48 83 ec 30 80 3d ef 4a 78 00
0x00007ffa74bac310:   00 48 8b fa 4c 8b f9 74 1a 8b 0d c9 06 70 00 4c
0x00007ffa74bac320:   8b c2 48 8b 05 af 06 70 00 49 d3 e8 41 80 3c 00
0x00007ffa74bac330:   00 75 6f 49 8b 5f 08 48 8b cb 48 8b 03 ff 10 8b
0x00007ffa74bac340:   4b 18 48 8b d7 48 2b 53 08 be 01 00 00 00 48 8b
0x00007ffa74bac350:   43 20 48 c1 ea 03 48 d3 ea 48 8b ca 48 c1 e9 06
0x00007ffa74bac360:   48 8b 1c c8 4c 8d 34 c8 0f b6 c2 24 3f 0f b6 c8
0x00007ffa74bac370:   48 d3 e6 48 8b cb 48 0b ce 48 3b cb 74 24 66 90
0x00007ffa74bac380:   48 8b 05 31 a7 71 00 4c 8b c3 49 8b d6 ff d0 48
0x00007ffa74bac390:   3b c3 74 2b 48 8b c8 48 8b d8 48 0b ce 48 3b c8
0x00007ffa74bac3a0:   75 de 32 c0 48 8b 5c 24 40 48 8b 74 24 48 48 8b
0x00007ffa74bac3b0:   7c 24 50 4c 8b 74 24 58 48 83 c4 30 41 5f c3 4c
0x00007ffa74bac3c0:   8b 07 49 8b d0 83 e2 07 80 3d 8b 10 70 00 00 75
0x00007ffa74bac3d0:   1a 48 83 fa 01 75 62 48 b8 00 ff ff ff 7f 00 00
0x00007ffa74bac3e0:   00 4c 85 c0 75 53 e9 ab 00 00 00 48 83 fa 05 0f
0x00007ffa74bac3f0:   84 a1 00 00 00 80 3d c5 58 78 00 00 74 15 8b 47
0x00007ffa74bac400:   08 8b 0d d9 fa 6f 00 48 d3 e0 48 03 05 c7 fa 6f
0x00007ffa74bac410:   00 eb 04 48 8b 47 08 0f b6 80 b8 00 00 00 24 07
0x00007ffa74bac420:   3c 05 74 15 48 83 fa 01 75 0f 48 b8 00 ff ff ff
0x00007ffa74bac430:   7f 00 00 00 4c 85 c0 74 5d 80 3d c0 49 78 00 00
0x00007ffa74bac440:   74 19 8b 0d d0 05 70 00 48 8b d7 48 8b 05 b6 05
0x00007ffa74bac450:   70 00 48 d3 ea 80 3c 02 00 75 3b 49 8b 9f c0 03 


Stack slot to memory mapping:
stack at sp + 0 slots: 0x0 is NULL
stack at sp + 1 slots: 0x00007ffaa5f335d0 ntdll.dll
stack at sp + 2 slots: 0x0 is NULL
stack at sp + 3 slots: 0x00007ffaa5f408b7 ntdll.dll
stack at sp + 4 slots: 0x0000000000000ab4 is an unknown value
stack at sp + 5 slots: 0x0000000000000001 is an unknown value
stack at sp + 6 slots: 0x0000000800390e30 is pointing into metadata
stack at sp + 7 slots: 0x00007ffa74baa707 jvm.dll


---------------  P R O C E S S  ---------------

Threads class SMR info:
_java_thread_list=0x000001db79775160, length=22, elements={
0x000001db78564800, 0x000001db78568000, 0x000001db78582800, 0x000001db78584800,
0x000001db7858e000, 0x000001db78592800, 0x000001db7854c000, 0x000001db78f22800,
0x000001db79497000, 0x000001db794ca800, 0x000001db794da800, 0x000001db7ca99000,
0x000001db79754000, 0x000001db79752800, 0x000001db7974e000, 0x000001db79751800,
0x000001db79753000, 0x000001db7974f000, 0x000001db79750000, 0x000001db7975a800,
0x000001db79756800, 0x000001db7d54c000
}

Java Threads: ( => current thread )
  0x000001db78564800 JavaThread "Reference Handler" daemon [_thread_blocked, id=12532, stack(0x0000005306e00000,0x0000005306f00000)]
  0x000001db78568000 JavaThread "Finalizer" daemon [_thread_blocked, id=5528, stack(0x0000005306f00000,0x0000005307000000)]
  0x000001db78582800 JavaThread "Signal Dispatcher" daemon [_thread_blocked, id=5896, stack(0x0000005307000000,0x0000005307100000)]
  0x000001db78584800 JavaThread "Attach Listener" daemon [_thread_blocked, id=5228, stack(0x0000005307100000,0x0000005307200000)]
  0x000001db7858e000 JavaThread "C1 CompilerThread0" daemon [_thread_blocked, id=11912, stack(0x0000005307200000,0x0000005307300000)]
  0x000001db78592800 JavaThread "Sweeper thread" daemon [_thread_blocked, id=7688, stack(0x0000005307300000,0x0000005307400000)]
  0x000001db7854c000 JavaThread "Common-Cleaner" daemon [_thread_blocked, id=2360, stack(0x0000005307400000,0x0000005307500000)]
  0x000001db78f22800 JavaThread "Service Thread" daemon [_thread_blocked, id=12428, stack(0x0000005307500000,0x0000005307600000)]
  0x000001db79497000 JavaThread "RMI TCP Accept-0" daemon [_thread_in_native, id=12468, stack(0x0000005307600000,0x0000005307700000)]
  0x000001db794ca800 JavaThread "RMI TCP Accept-64554" daemon [_thread_in_native, id=10696, stack(0x0000005307700000,0x0000005307800000)]
  0x000001db794da800 JavaThread "RMI TCP Accept-0" daemon [_thread_in_native, id=9180, stack(0x0000005307800000,0x0000005307900000)]
  0x000001db7ca99000 JavaThread "Live Reload Server" daemon [_thread_in_native, id=10260, stack(0x0000005308700000,0x0000005308800000)]
  0x000001db79754000 JavaThread "DestroyJavaVM" [_thread_blocked, id=7392, stack(0x0000005306700000,0x0000005306800000)]
  0x000001db79752800 JavaThread "File Watcher" daemon [_thread_blocked, id=11876, stack(0x0000005308300000,0x0000005308400000)]
  0x000001db7974e000 JavaThread "File Watcher" daemon [_thread_blocked, id=5872, stack(0x0000005308400000,0x0000005308500000)]
  0x000001db79751800 JavaThread "File Watcher" daemon [_thread_blocked, id=8472, stack(0x0000005308500000,0x0000005308600000)]
  0x000001db79753000 JavaThread "File Watcher" daemon [_thread_blocked, id=13896, stack(0x0000005308600000,0x0000005308700000)]
  0x000001db7974f000 JavaThread "File Watcher" daemon [_thread_blocked, id=5324, stack(0x0000005308800000,0x0000005308900000)]
  0x000001db79750000 JavaThread "File Watcher" daemon [_thread_blocked, id=3092, stack(0x0000005308900000,0x0000005308a00000)]
  0x000001db7975a800 JavaThread "Catalina-utility-1" [_thread_blocked, id=13644, stack(0x0000005308c00000,0x0000005308d00000)]
  0x000001db79756800 JavaThread "Catalina-utility-2" [_thread_blocked, id=8276, stack(0x0000005308d00000,0x0000005308e00000)]
  0x000001db7d54c000 JavaThread "Thread-49" [_thread_blocked, id=2736, stack(0x0000005308000000,0x0000005308100000)]

Other Threads:
  0x000001db78563000 VMThread "VM Thread" [stack: 0x0000005306d00000,0x0000005306e00000] [id=500]
  0x000001db79519000 WatcherThread [stack: 0x0000005307900000,0x0000005307a00000] [id=6064]
=>0x000001db5655f800 GCTaskThread "GC Thread#0" [stack: 0x0000005306800000,0x0000005306900000] [id=12876]
  0x000001db795dc000 GCTaskThread "GC Thread#1" [stack: 0x0000005307a00000,0x0000005307b00000] [id=12556]
  0x000001db795dd800 GCTaskThread "GC Thread#2" [stack: 0x0000005307b00000,0x0000005307c00000] [id=1136]
  0x000001db795db800 GCTaskThread "GC Thread#3" [stack: 0x0000005307c00000,0x0000005307d00000] [id=10272]
  0x000001db5657e000 ConcurrentGCThread "G1 Main Marker" [stack: 0x0000005306900000,0x0000005306a00000] [id=1304]
  0x000001db56581000 ConcurrentGCThread "G1 Conc#0" [stack: 0x0000005306a00000,0x0000005306b00000] [id=10816]
  0x000001db7845e000 ConcurrentGCThread "G1 Refine#0" [stack: 0x0000005306b00000,0x0000005306c00000] [id=7792]
  0x000001db790ae800 ConcurrentGCThread "G1 Refine#1" [stack: 0x0000005307d00000,0x0000005307e00000] [id=8952]
  0x000001db7986f800 ConcurrentGCThread "G1 Refine#2" [stack: 0x0000005307e00000,0x0000005307f00000] [id=1456]
  0x000001db7845f800 ConcurrentGCThread "G1 Young RemSet Sampling" [stack: 0x0000005306c00000,0x0000005306d00000] [id=3388]

Threads with active compile tasks:

VM state:at safepoint (normal execution)

VM Mutex/Monitor currently owned by a thread:  ([mutex/lock_event])
[0x000001db564fb830] Threads_lock - owner thread: 0x000001db78563000
[0x000001db564fc0a0] Heap_lock - owner thread: 0x000001db7d54c000

Heap address: 0x0000000720000000, size: 3584 MB, Compressed Oops mode: Zero based, Oop shift amount: 3
Narrow klass base: 0x0000000800000000, Narrow klass shift: 3
Compressed class space size: 1073741824 Address: 0x0000000800b40000

Heap:
 garbage-first heap   total 124928K, used 97534K [0x0000000720000000, 0x0000000800000000)
  region size 1024K, 29 young (29696K), 5 survivors (5120K)
 Metaspace       used 59412K, capacity 61725K, committed 62080K, reserved 1101824K
  class space    used 7995K, capacity 8962K, committed 9088K, reserved 1048576K
Heap Regions: E=young(eden), S=young(survivor), O=old, HS=humongous(starts), HC=humongous(continues), CS=collection set, F=free, A=archive, TAMS=top-at-mark-start (previous, next)
|   0|0x0000000720000000, 0x0000000720100000, 0x0000000720100000|100%|HS|  |TAMS 0x0000000720100000, 0x0000000720000000| Complete 
|   1|0x0000000720100000, 0x0000000720200000, 0x0000000720200000|100%| O|  |TAMS 0x0000000720200000, 0x0000000720100000| Untracked 
|   2|0x0000000720200000, 0x00000007202f0788, 0x0000000720300000| 93%| O|  |TAMS 0x00000007202f0788, 0x0000000720200000| Untracked 
|   3|0x0000000720300000, 0x00000007203ffff8, 0x0000000720400000| 99%| O|  |TAMS 0x00000007203ffff8, 0x0000000720300000| Untracked 
|   4|0x0000000720400000, 0x00000007204ffff8, 0x0000000720500000| 99%| O|  |TAMS 0x00000007204ffff8, 0x0000000720400000| Untracked 
|   5|0x0000000720500000, 0x00000007205f11d0, 0x0000000720600000| 94%| O|  |TAMS 0x00000007205f11d0, 0x0000000720500000| Untracked 
|   6|0x0000000720600000, 0x00000007206fffe8, 0x0000000720700000| 99%| O|  |TAMS 0x00000007206fffe8, 0x0000000720600000| Untracked 
|   7|0x0000000720700000, 0x00000007207fffd8, 0x0000000720800000| 99%| O|  |TAMS 0x00000007207fffd8, 0x0000000720700000| Untracked 
|   8|0x0000000720800000, 0x00000007208fffa8, 0x0000000720900000| 99%| O|  |TAMS 0x00000007208fffa8, 0x0000000720800000| Untracked 
|   9|0x0000000720900000, 0x00000007209ffff8, 0x0000000720a00000| 99%| O|  |TAMS 0x00000007209ffff8, 0x0000000720900000| Untracked 
|  10|0x0000000720a00000, 0x0000000720b00000, 0x0000000720b00000|100%| O|  |TAMS 0x0000000720b00000, 0x0000000720a00000| Untracked 
|  11|0x0000000720b00000, 0x0000000720c00000, 0x0000000720c00000|100%| O|  |TAMS 0x0000000720c00000, 0x0000000720b00000| Untracked 
|  12|0x0000000720c00000, 0x0000000720cfffe0, 0x0000000720d00000| 99%| O|  |TAMS 0x0000000720cfffe0, 0x0000000720c00000| Untracked 
|  13|0x0000000720d00000, 0x0000000720e00000, 0x0000000720e00000|100%| O|  |TAMS 0x0000000720e00000, 0x0000000720d00000| Untracked 
|  14|0x0000000720e00000, 0x0000000720effff0, 0x0000000720f00000| 99%| O|  |TAMS 0x0000000720effff0, 0x0000000720e00000| Untracked 
|  15|0x0000000720f00000, 0x0000000720fffff0, 0x0000000721000000| 99%| O|  |TAMS 0x0000000720fffff0, 0x0000000720f00000| Untracked 
|  16|0x0000000721000000, 0x00000007210ffff0, 0x0000000721100000| 99%| O|  |TAMS 0x00000007210ffff0, 0x0000000721000000| Untracked 
|  17|0x0000000721100000, 0x00000007211fba78, 0x0000000721200000| 98%| O|  |TAMS 0x00000007211fba78, 0x0000000721100000| Untracked 
|  18|0x0000000721200000, 0x00000007212ffff8, 0x0000000721300000| 99%| O|  |TAMS 0x00000007212ffff8, 0x0000000721200000| Untracked 
|  19|0x0000000721300000, 0x0000000721400000, 0x0000000721400000|100%| O|  |TAMS 0x0000000721300000, 0x0000000721300000| Untracked 
|  20|0x0000000721400000, 0x0000000721500000, 0x0000000721500000|100%| O|  |TAMS 0x0000000721500000, 0x0000000721400000| Untracked 
|  21|0x0000000721500000, 0x0000000721600000, 0x0000000721600000|100%| O|  |TAMS 0x0000000721500000, 0x0000000721500000| Untracked 
|  22|0x0000000721600000, 0x0000000721700000, 0x0000000721700000|100%| O|  |TAMS 0x0000000721700000, 0x0000000721600000| Untracked 
|  23|0x0000000721700000, 0x0000000721800000, 0x0000000721800000|100%| O|  |TAMS 0x0000000721800000, 0x0000000721700000| Untracked 
|  24|0x0000000721800000, 0x0000000721900000, 0x0000000721900000|100%| O|  |TAMS 0x0000000721800000, 0x0000000721800000| Untracked 
|  25|0x0000000721900000, 0x0000000721a00000, 0x0000000721a00000|100%| O|  |TAMS 0x0000000721a00000, 0x0000000721900000| Untracked 
|  26|0x0000000721a00000, 0x0000000721b00000, 0x0000000721b00000|100%| O|  |TAMS 0x0000000721a00000, 0x0000000721a00000| Untracked 
|  27|0x0000000721b00000, 0x0000000721c00000, 0x0000000721c00000|100%| O|  |TAMS 0x0000000721b00000, 0x0000000721b00000| Untracked 
|  28|0x0000000721c00000, 0x0000000721d00000, 0x0000000721d00000|100%| O|  |TAMS 0x0000000721d00000, 0x0000000721c00000| Untracked 
|  29|0x0000000721d00000, 0x0000000721e00000, 0x0000000721e00000|100%| O|  |TAMS 0x0000000721d00000, 0x0000000721d00000| Untracked 
|  30|0x0000000721e00000, 0x0000000721f00000, 0x0000000721f00000|100%| O|  |TAMS 0x0000000721e00000, 0x0000000721e00000| Untracked 
|  31|0x0000000721f00000, 0x0000000722000000, 0x0000000722000000|100%| O|  |TAMS 0x0000000721f00000, 0x0000000721f00000| Untracked 
|  32|0x0000000722000000, 0x0000000722100000, 0x0000000722100000|100%| O|  |TAMS 0x0000000722000000, 0x0000000722000000| Untracked 
|  33|0x0000000722100000, 0x0000000722200000, 0x0000000722200000|100%| O|  |TAMS 0x0000000722100000, 0x0000000722100000| Untracked 
|  34|0x0000000722200000, 0x0000000722300000, 0x0000000722300000|100%| O|  |TAMS 0x0000000722200000, 0x0000000722200000| Untracked 
|  35|0x0000000722300000, 0x0000000722400000, 0x0000000722400000|100%| O|  |TAMS 0x0000000722400000, 0x0000000722300000| Untracked 
|  36|0x0000000722400000, 0x0000000722500000, 0x0000000722500000|100%| O|  |TAMS 0x0000000722400000, 0x0000000722400000| Untracked 
|  37|0x0000000722500000, 0x0000000722600000, 0x0000000722600000|100%| O|  |TAMS 0x0000000722500000, 0x0000000722500000| Untracked 
|  38|0x0000000722600000, 0x0000000722700000, 0x0000000722700000|100%| O|  |TAMS 0x0000000722600000, 0x0000000722600000| Untracked 
|  39|0x0000000722700000, 0x0000000722800000, 0x0000000722800000|100%| O|  |TAMS 0x0000000722700000, 0x0000000722700000| Untracked 
|  40|0x0000000722800000, 0x0000000722900000, 0x0000000722900000|100%| O|  |TAMS 0x0000000722900000, 0x0000000722800000| Untracked 
|  41|0x0000000722900000, 0x0000000722a00000, 0x0000000722a00000|100%| O|  |TAMS 0x0000000722a00000, 0x0000000722900000| Untracked 
|  42|0x0000000722a00000, 0x0000000722b00000, 0x0000000722b00000|100%| O|  |TAMS 0x0000000722a00000, 0x0000000722a00000| Untracked 
|  43|0x0000000722b00000, 0x0000000722c00000, 0x0000000722c00000|100%| O|  |TAMS 0x0000000722b00000, 0x0000000722b00000| Untracked 
|  44|0x0000000722c00000, 0x0000000722d00000, 0x0000000722d00000|100%| O|  |TAMS 0x0000000722c00000, 0x0000000722c00000| Untracked 
|  45|0x0000000722d00000, 0x0000000722e00000, 0x0000000722e00000|100%| O|  |TAMS 0x0000000722d00000, 0x0000000722d00000| Untracked 
|  46|0x0000000722e00000, 0x0000000722f00000, 0x0000000722f00000|100%| O|  |TAMS 0x0000000722e00000, 0x0000000722e00000| Untracked 
|  47|0x0000000722f00000, 0x0000000723000000, 0x0000000723000000|100%| O|  |TAMS 0x0000000722f00000, 0x0000000722f00000| Untracked 
|  48|0x0000000723000000, 0x0000000723100000, 0x0000000723100000|100%| O|  |TAMS 0x0000000723000000, 0x0000000723000000| Untracked 
|  49|0x0000000723100000, 0x0000000723200000, 0x0000000723200000|100%| O|  |TAMS 0x0000000723100000, 0x0000000723100000| Untracked 
|  50|0x0000000723200000, 0x0000000723300000, 0x0000000723300000|100%| O|  |TAMS 0x0000000723200000, 0x0000000723200000| Untracked 
|  51|0x0000000723300000, 0x0000000723400000, 0x0000000723400000|100%| O|  |TAMS 0x0000000723300000, 0x0000000723300000| Untracked 
|  52|0x0000000723400000, 0x0000000723500000, 0x0000000723500000|100%| O|  |TAMS 0x0000000723400000, 0x0000000723400000| Untracked 
|  53|0x0000000723500000, 0x0000000723600000, 0x0000000723600000|100%| O|  |TAMS 0x0000000723500000, 0x0000000723500000| Untracked 
|  54|0x0000000723600000, 0x0000000723700000, 0x0000000723700000|100%| O|  |TAMS 0x0000000723600000, 0x0000000723600000| Untracked 
|  55|0x0000000723700000, 0x0000000723800000, 0x0000000723800000|100%| O|  |TAMS 0x0000000723700000, 0x0000000723700000| Untracked 
|  56|0x0000000723800000, 0x0000000723900000, 0x0000000723900000|100%| O|  |TAMS 0x0000000723800000, 0x0000000723800000| Untracked 
|  57|0x0000000723900000, 0x0000000723a00000, 0x0000000723a00000|100%| O|  |TAMS 0x0000000723900000, 0x0000000723900000| Untracked 
|  58|0x0000000723a00000, 0x0000000723b00000, 0x0000000723b00000|100%| O|  |TAMS 0x0000000723b00000, 0x0000000723a00000| Untracked 
|  59|0x0000000723b00000, 0x0000000723c00000, 0x0000000723c00000|100%| O|  |TAMS 0x0000000723b00000, 0x0000000723b00000| Untracked 
|  60|0x0000000723c00000, 0x0000000723d00000, 0x0000000723d00000|100%| O|  |TAMS 0x0000000723c00000, 0x0000000723c00000| Untracked 
|  61|0x0000000723d00000, 0x0000000723e00000, 0x0000000723e00000|100%| O|  |TAMS 0x0000000723d00000, 0x0000000723d00000| Untracked 
|  62|0x0000000723e00000, 0x0000000723e62600, 0x0000000723f00000| 38%| O|  |TAMS 0x0000000723e00000, 0x0000000723e00000| Untracked 
|  63|0x0000000723f00000, 0x0000000724000000, 0x0000000724000000|100%| O|  |TAMS 0x0000000724000000, 0x0000000723f00000| Untracked 
|  64|0x0000000724000000, 0x0000000724000000, 0x0000000724100000|  0%| F|  |TAMS 0x0000000724000000, 0x0000000724000000| Untracked 
|  65|0x0000000724100000, 0x0000000724100000, 0x0000000724200000|  0%| F|  |TAMS 0x0000000724100000, 0x0000000724100000| Untracked 
|  66|0x0000000724200000, 0x0000000724200000, 0x0000000724300000|  0%| F|  |TAMS 0x0000000724200000, 0x0000000724200000| Untracked 
|  67|0x0000000724300000, 0x0000000724300000, 0x0000000724400000|  0%| F|  |TAMS 0x0000000724300000, 0x0000000724300000| Untracked 
|  68|0x0000000724400000, 0x0000000724400000, 0x0000000724500000|  0%| F|  |TAMS 0x0000000724400000, 0x0000000724400000| Untracked 
|  69|0x0000000724500000, 0x0000000724500000, 0x0000000724600000|  0%| F|  |TAMS 0x0000000724500000, 0x0000000724500000| Untracked 
|  70|0x0000000724600000, 0x0000000724600000, 0x0000000724700000|  0%| F|  |TAMS 0x0000000724600000, 0x0000000724600000| Untracked 
|  71|0x0000000724700000, 0x0000000724700000, 0x0000000724800000|  0%| F|  |TAMS 0x0000000724700000, 0x0000000724700000| Untracked 
|  72|0x0000000724800000, 0x0000000724800000, 0x0000000724900000|  0%| F|  |TAMS 0x0000000724800000, 0x0000000724800000| Untracked 
|  73|0x0000000724900000, 0x0000000724900000, 0x0000000724a00000|  0%| F|  |TAMS 0x0000000724900000, 0x0000000724900000| Untracked 
|  74|0x0000000724a00000, 0x0000000724a00000, 0x0000000724b00000|  0%| F|  |TAMS 0x0000000724a00000, 0x0000000724a00000| Untracked 
|  75|0x0000000724b00000, 0x0000000724b00000, 0x0000000724c00000|  0%| F|  |TAMS 0x0000000724b00000, 0x0000000724b00000| Untracked 
|  76|0x0000000724c00000, 0x0000000724d00000, 0x0000000724d00000|100%| O|  |TAMS 0x0000000724d00000, 0x0000000724c00000| Untracked 
|  77|0x0000000724d00000, 0x0000000724e00000, 0x0000000724e00000|100%| S|  |TAMS 0x0000000724d00000, 0x0000000724d00000| Complete 
|  78|0x0000000724e00000, 0x0000000724f00000, 0x0000000724f00000|100%| S|  |TAMS 0x0000000724e00000, 0x0000000724e00000| Complete 
|  79|0x0000000724f00000, 0x0000000725000000, 0x0000000725000000|100%| S|  |TAMS 0x0000000724f00000, 0x0000000724f00000| Complete 
|  80|0x0000000725000000, 0x0000000725000000, 0x0000000725100000|  0%| F|  |TAMS 0x0000000725000000, 0x0000000725000000| Untracked 
|  81|0x0000000725100000, 0x0000000725200000, 0x0000000725200000|100%| S|  |TAMS 0x0000000725100000, 0x0000000725100000| Complete 
|  82|0x0000000725200000, 0x0000000725300000, 0x0000000725300000|100%| S|  |TAMS 0x0000000725200000, 0x0000000725200000| Complete 
|  83|0x0000000725300000, 0x0000000725300000, 0x0000000725400000|  0%| F|  |TAMS 0x0000000725300000, 0x0000000725300000| Untracked 
|  84|0x0000000725400000, 0x0000000725400000, 0x0000000725500000|  0%| F|  |TAMS 0x0000000725400000, 0x0000000725400000| Untracked 
|  85|0x0000000725500000, 0x0000000725500000, 0x0000000725600000|  0%| F|  |TAMS 0x0000000725500000, 0x0000000725500000| Untracked 
|  86|0x0000000725600000, 0x0000000725600000, 0x0000000725700000|  0%| F|  |TAMS 0x0000000725600000, 0x0000000725600000| Untracked 
|  87|0x0000000725700000, 0x0000000725700000, 0x0000000725800000|  0%| F|  |TAMS 0x0000000725700000, 0x0000000725700000| Untracked 
|  88|0x0000000725800000, 0x0000000725800000, 0x0000000725900000|  0%| F|  |TAMS 0x0000000725800000, 0x0000000725800000| Untracked 
|  89|0x0000000725900000, 0x0000000725900000, 0x0000000725a00000|  0%| F|  |TAMS 0x0000000725900000, 0x0000000725900000| Untracked 
|  90|0x0000000725a00000, 0x0000000725a00000, 0x0000000725b00000|  0%| F|  |TAMS 0x0000000725a00000, 0x0000000725a00000| Untracked 
|  91|0x0000000725b00000, 0x0000000725b00000, 0x0000000725c00000|  0%| F|  |TAMS 0x0000000725b00000, 0x0000000725b00000| Untracked 
|  92|0x0000000725c00000, 0x0000000725d00000, 0x0000000725d00000|100%| O|  |TAMS 0x0000000725d00000, 0x0000000725c00000| Untracked 
|  93|0x0000000725d00000, 0x0000000725e00000, 0x0000000725e00000|100%| O|  |TAMS 0x0000000725d0f200, 0x0000000725d00000| Untracked 
|  94|0x0000000725e00000, 0x0000000725e00000, 0x0000000725f00000|  0%| F|  |TAMS 0x0000000725e00000, 0x0000000725e00000| Untracked 
|  95|0x0000000725f00000, 0x0000000725f00000, 0x0000000726000000|  0%| F|  |TAMS 0x0000000725f00000, 0x0000000725f00000| Untracked 
|  96|0x0000000726000000, 0x0000000726000000, 0x0000000726100000|  0%| F|  |TAMS 0x0000000726000000, 0x0000000726000000| Untracked 
|  97|0x0000000726100000, 0x0000000726100000, 0x0000000726200000|  0%| F|  |TAMS 0x0000000726100000, 0x0000000726100000| Untracked 
|  98|0x0000000726200000, 0x0000000726300000, 0x0000000726300000|100%| E|  |TAMS 0x0000000726200000, 0x0000000726200000| Complete 
|  99|0x0000000726300000, 0x0000000726400000, 0x0000000726400000|100%| E|  |TAMS 0x0000000726300000, 0x0000000726300000| Complete 
| 100|0x0000000726400000, 0x0000000726500000, 0x0000000726500000|100%| E|  |TAMS 0x0000000726400000, 0x0000000726400000| Complete 
| 101|0x0000000726500000, 0x0000000726600000, 0x0000000726600000|100%| E|  |TAMS 0x0000000726500000, 0x0000000726500000| Complete 
| 102|0x0000000726600000, 0x0000000726700000, 0x0000000726700000|100%| E|  |TAMS 0x0000000726600000, 0x0000000726600000| Complete 
| 103|0x0000000726700000, 0x0000000726800000, 0x0000000726800000|100%| E|  |TAMS 0x0000000726700000, 0x0000000726700000| Complete 
| 104|0x0000000726800000, 0x0000000726900000, 0x0000000726900000|100%| E|  |TAMS 0x0000000726800000, 0x0000000726800000| Complete 
| 105|0x0000000726900000, 0x0000000726a00000, 0x0000000726a00000|100%| E|  |TAMS 0x0000000726900000, 0x0000000726900000| Complete 
| 106|0x0000000726a00000, 0x0000000726b00000, 0x0000000726b00000|100%| E|  |TAMS 0x0000000726a00000, 0x0000000726a00000| Complete 
| 107|0x0000000726b00000, 0x0000000726c00000, 0x0000000726c00000|100%| E|  |TAMS 0x0000000726b00000, 0x0000000726b00000| Complete 
| 108|0x0000000726c00000, 0x0000000726d00000, 0x0000000726d00000|100%| E|  |TAMS 0x0000000726c00000, 0x0000000726c00000| Complete 
| 109|0x0000000726d00000, 0x0000000726e00000, 0x0000000726e00000|100%| E|  |TAMS 0x0000000726d00000, 0x0000000726d00000| Complete 
| 110|0x0000000726e00000, 0x0000000726f00000, 0x0000000726f00000|100%| E|  |TAMS 0x0000000726e00000, 0x0000000726e00000| Complete 
| 111|0x0000000726f00000, 0x0000000727000000, 0x0000000727000000|100%| E|  |TAMS 0x0000000726f00000, 0x0000000726f00000| Complete 
| 112|0x0000000727000000, 0x0000000727100000, 0x0000000727100000|100%| E|  |TAMS 0x0000000727000000, 0x0000000727000000| Complete 
| 113|0x0000000727100000, 0x0000000727200000, 0x0000000727200000|100%| E|  |TAMS 0x0000000727100000, 0x0000000727100000| Complete 
| 114|0x0000000727200000, 0x0000000727300000, 0x0000000727300000|100%| E|  |TAMS 0x0000000727200000, 0x0000000727200000| Complete 
| 115|0x0000000727300000, 0x0000000727400000, 0x0000000727400000|100%| E|  |TAMS 0x0000000727300000, 0x0000000727300000| Complete 
| 116|0x0000000727400000, 0x0000000727500000, 0x0000000727500000|100%| E|  |TAMS 0x0000000727400000, 0x0000000727400000| Complete 
| 117|0x0000000727500000, 0x0000000727600000, 0x0000000727600000|100%| E|  |TAMS 0x0000000727500000, 0x0000000727500000| Complete 
| 118|0x0000000727600000, 0x0000000727700000, 0x0000000727700000|100%| E|  |TAMS 0x0000000727600000, 0x0000000727600000| Complete 
| 119|0x0000000727700000, 0x0000000727800000, 0x0000000727800000|100%| E|  |TAMS 0x0000000727700000, 0x0000000727700000| Complete 
| 120|0x0000000727800000, 0x0000000727900000, 0x0000000727900000|100%| E|  |TAMS 0x0000000727800000, 0x0000000727800000| Complete 
| 121|0x0000000727900000, 0x0000000727a00000, 0x0000000727a00000|100%| E|  |TAMS 0x0000000727900000, 0x0000000727900000| Complete 

Card table byte_map: [0x000001db6e0f0000,0x000001db6e7f0000] _byte_map_base: 0x000001db6a7f0000

Marking Bits (Prev, Next): (CMBitMap*) 0x000001db56560448, (CMBitMap*) 0x000001db56560408
 Prev Bits: [0x000001db726f0000, 0x000001db75ef0000)
 Next Bits: [0x000001db6eef0000, 0x000001db726f0000)

Polling page: 0x000001db54490000

Metaspace:

Usage:
  Non-class:     51.53 MB capacity,    50.21 MB ( 97%) used,     1.09 MB (  2%) free+waste,   225.88 KB ( <1%) overhead. 
      Class:      8.75 MB capacity,     7.81 MB ( 89%) used,   855.38 KB ( 10%) free+waste,   111.25 KB (  1%) overhead. 
       Both:     60.28 MB capacity,    58.02 MB ( 96%) used,     1.93 MB (  3%) free+waste,   337.13 KB ( <1%) overhead. 

Virtual space:
  Non-class space:       52.00 MB reserved,      51.75 MB (>99%) committed 
      Class space:        1.00 GB reserved,       8.88 MB ( <1%) committed 
             Both:        1.05 GB reserved,      60.63 MB (  6%) committed 

Chunk freelists:
   Non-Class:  37.00 KB
       Class:  0 bytes
        Both:  37.00 KB

MaxMetaspaceSize: 17179869184.00 GB
CompressedClassSpaceSize: 1.00 GB

CodeHeap 'non-profiled nmethods': size=238912Kb used=23359Kb max_used=23359Kb free=215552Kb
 bounds [0x000001db5f0a0000, 0x000001db60770000, 0x000001db6d9f0000]
CodeHeap 'non-nmethods': size=6848Kb used=1344Kb max_used=1344Kb free=5503Kb
 bounds [0x000001db5e9f0000, 0x000001db5ec60000, 0x000001db5f0a0000]
 total_blobs=13883 nmethods=12823 adapters=563
 compilation: enabled
              stopped_count=0, restarted_count=0
 full_count=0

Compilation events (20 events):
Event: 14476.884 Thread 0x000001db7858e000 12966       1       java.io.PrintWriter::ensureOpen (18 bytes)
Event: 14476.884 Thread 0x000001db7858e000 nmethod 12966 0x000001db6076bf90 code [0x000001db6076c140, 0x000001db6076c350]
Event: 14483.169 Thread 0x000001db7858e000 12967       1       java.util.regex.Pattern$SliceNode::study (37 bytes)
Event: 14483.170 Thread 0x000001db7858e000 nmethod 12967 0x000001db6076c410 code [0x000001db6076c5c0, 0x000001db6076c750]
Event: 14483.173 Thread 0x000001db7858e000 12968   !   1       org.hibernate.validator.internal.util.ConcurrentReferenceHashMap$Segment::clear (75 bytes)
Event: 14483.174 Thread 0x000001db7858e000 nmethod 12968 0x000001db6076c810 code [0x000001db6076ca20, 0x000001db6076cf00]
Event: 14483.175 Thread 0x000001db7858e000 12969       1       org.h2.mvstore.Page$Leaf::remove (74 bytes)
Event: 14483.175 Thread 0x000001db7858e000 nmethod 12969 0x000001db6076d210 code [0x000001db6076d3e0, 0x000001db6076d770]
Event: 14483.175 Thread 0x000001db7858e000 12970       1       org.h2.mvstore.Page::remove (77 bytes)
Event: 14483.175 Thread 0x000001db7858e000 nmethod 12970 0x000001db6076d990 code [0x000001db6076db60, 0x000001db6076dec0]
Event: 14483.176 Thread 0x000001db7858e000 12971       1       org.h2.mvstore.db.MVPrimaryIndex::getMapName (5 bytes)
Event: 14483.176 Thread 0x000001db7858e000 nmethod 12971 0x000001db6076e090 code [0x000001db6076e220, 0x000001db6076e358]
Event: 14483.176 Thread 0x000001db7858e000 12972       1       javax.management.ObjectName::getDomain (13 bytes)
Event: 14483.176 Thread 0x000001db7858e000 nmethod 12972 0x000001db6076e410 code [0x000001db6076e5c0, 0x000001db6076e730]
Event: 14483.380 Thread 0x000001db7858e000 12973   !   1       java.util.concurrent.ScheduledThreadPoolExecutor$DelayedWorkQueue::remove (119 bytes)
Event: 14483.380 Thread 0x000001db7858e000 nmethod 12973 0x000001db6076e810 code [0x000001db6076ea40, 0x000001db6076efe0]
Event: 14483.380 Thread 0x000001db7858e000 12974       1       java.util.concurrent.ScheduledThreadPoolExecutor$DelayedWorkQueue::indexOf (79 bytes)
Event: 14483.381 Thread 0x000001db7858e000 nmethod 12974 0x000001db6076f590 code [0x000001db6076f760, 0x000001db6076fa70]
Event: 14484.754 Thread 0x000001db7858e000 12975       1       org.apache.catalina.core.StandardContext::isUseNaming (5 bytes)
Event: 14484.755 Thread 0x000001db7858e000 nmethod 12975 0x000001db6076fc10 code [0x000001db6076fda0, 0x000001db6076fed8]

GC Heap History (20 events):
Event: 14431.387 GC heap after
{Heap after GC invocations=856 (full 9):
 garbage-first heap   total 124928K, used 68991K [0x0000000720000000, 0x0000000800000000)
  region size 1024K, 2 young (2048K), 2 survivors (2048K)
 Metaspace       used 59401K, capacity 61707K, committed 61952K, reserved 1101824K
  class space    used 7993K, capacity 8958K, committed 8960K, reserved 1048576K
}
Event: 14437.021 GC heap before
{Heap before GC invocations=856 (full 9):
 garbage-first heap   total 124928K, used 105855K [0x0000000720000000, 0x0000000800000000)
  region size 1024K, 38 young (38912K), 2 survivors (2048K)
 Metaspace       used 59401K, capacity 61707K, committed 61952K, reserved 1101824K
  class space    used 7993K, capacity 8958K, committed 8960K, reserved 1048576K
}
Event: 14437.023 GC heap after
{Heap after GC invocations=857 (full 9):
 garbage-first heap   total 124928K, used 69055K [0x0000000720000000, 0x0000000800000000)
  region size 1024K, 2 young (2048K), 2 survivors (2048K)
 Metaspace       used 59401K, capacity 61707K, committed 61952K, reserved 1101824K
  class space    used 7993K, capacity 8958K, committed 8960K, reserved 1048576K
}
Event: 14442.455 GC heap before
{Heap before GC invocations=857 (full 9):
 garbage-first heap   total 124928K, used 105919K [0x0000000720000000, 0x0000000800000000)
  region size 1024K, 38 young (38912K), 2 survivors (2048K)
 Metaspace       used 59401K, capacity 61707K, committed 61952K, reserved 1101824K
  class space    used 7993K, capacity 8958K, committed 8960K, reserved 1048576K
}
Event: 14442.457 GC heap after
{Heap after GC invocations=858 (full 9):
 garbage-first heap   total 124928K, used 69239K [0x0000000720000000, 0x0000000800000000)
  region size 1024K, 3 young (3072K), 3 survivors (3072K)
 Metaspace       used 59401K, capacity 61707K, committed 61952K, reserved 1101824K
  class space    used 7993K, capacity 8958K, committed 8960K, reserved 1048576K
}
Event: 14448.281 GC heap before
{Heap before GC invocations=858 (full 9):
 garbage-first heap   total 124928K, used 105079K [0x0000000720000000, 0x0000000800000000)
  region size 1024K, 38 young (38912K), 3 survivors (3072K)
 Metaspace       used 59401K, capacity 61707K, committed 61952K, reserved 1101824K
  class space    used 7993K, capacity 8958K, committed 8960K, reserved 1048576K
}
Event: 14448.283 GC heap after
{Heap after GC invocations=859 (full 9):
 garbage-first heap   total 124928K, used 69743K [0x0000000720000000, 0x0000000800000000)
  region size 1024K, 3 young (3072K), 3 survivors (3072K)
 Metaspace       used 59401K, capacity 61707K, committed 61952K, reserved 1101824K
  class space    used 7993K, capacity 8958K, committed 8960K, reserved 1048576K
}
Event: 14453.611 GC heap before
{Heap before GC invocations=859 (full 9):
 garbage-first heap   total 124928K, used 104559K [0x0000000720000000, 0x0000000800000000)
  region size 1024K, 37 young (37888K), 3 survivors (3072K)
 Metaspace       used 59401K, capacity 61707K, committed 61952K, reserved 1101824K
  class space    used 7993K, capacity 8958K, committed 8960K, reserved 1048576K
}
Event: 14453.613 GC heap after
{Heap after GC invocations=860 (full 9):
 garbage-first heap   total 124928K, used 69181K [0x0000000720000000, 0x0000000800000000)
  region size 1024K, 3 young (3072K), 3 survivors (3072K)
 Metaspace       used 59401K, capacity 61707K, committed 61952K, reserved 1101824K
  class space    used 7993K, capacity 8958K, committed 8960K, reserved 1048576K
}
Event: 14459.071 GC heap before
{Heap before GC invocations=860 (full 9):
 garbage-first heap   total 124928K, used 105021K [0x0000000720000000, 0x0000000800000000)
  region size 1024K, 38 young (38912K), 3 survivors (3072K)
 Metaspace       used 59401K, capacity 61707K, committed 61952K, reserved 1101824K
  class space    used 7993K, capacity 8958K, committed 8960K, reserved 1048576K
}
Event: 14459.073 GC heap after
{Heap after GC invocations=861 (full 9):
 garbage-first heap   total 124928K, used 69671K [0x0000000720000000, 0x0000000800000000)
  region size 1024K, 3 young (3072K), 3 survivors (3072K)
 Metaspace       used 59401K, capacity 61707K, committed 61952K, reserved 1101824K
  class space    used 7993K, capacity 8958K, committed 8960K, reserved 1048576K
}
Event: 14463.938 GC heap before
{Heap before GC invocations=861 (full 9):
 garbage-first heap   total 124928K, used 104487K [0x0000000720000000, 0x0000000800000000)
  region size 1024K, 37 young (37888K), 3 survivors (3072K)
 Metaspace       used 59401K, capacity 61707K, committed 61952K, reserved 1101824K
  class space    used 7993K, capacity 8958K, committed 8960K, reserved 1048576K
}
Event: 14463.940 GC heap after
{Heap after GC invocations=862 (full 9):
 garbage-first heap   total 124928K, used 69413K [0x0000000720000000, 0x0000000800000000)
  region size 1024K, 3 young (3072K), 3 survivors (3072K)
 Metaspace       used 59401K, capacity 61707K, committed 61952K, reserved 1101824K
  class space    used 7993K, capacity 8958K, committed 8960K, reserved 1048576K
}
Event: 14468.635 GC heap before
{Heap before GC invocations=862 (full 9):
 garbage-first heap   total 124928K, used 104229K [0x0000000720000000, 0x0000000800000000)
  region size 1024K, 37 young (37888K), 3 survivors (3072K)
 Metaspace       used 59401K, capacity 61707K, committed 61952K, reserved 1101824K
  class space    used 7993K, capacity 8958K, committed 8960K, reserved 1048576K
}
Event: 14468.637 GC heap after
{Heap after GC invocations=863 (full 9):
 garbage-first heap   total 124928K, used 68916K [0x0000000720000000, 0x0000000800000000)
  region size 1024K, 2 young (2048K), 2 survivors (2048K)
 Metaspace       used 59401K, capacity 61707K, committed 61952K, reserved 1101824K
  class space    used 7993K, capacity 8958K, committed 8960K, reserved 1048576K
}
Event: 14473.779 GC heap before
{Heap before GC invocations=863 (full 9):
 garbage-first heap   total 124928K, used 105780K [0x0000000720000000, 0x0000000800000000)
  region size 1024K, 38 young (38912K), 2 survivors (2048K)
 Metaspace       used 59401K, capacity 61707K, committed 61952K, reserved 1101824K
  class space    used 7993K, capacity 8958K, committed 8960K, reserved 1048576K
}
Event: 14473.781 GC heap after
{Heap after GC invocations=864 (full 9):
 garbage-first heap   total 124928K, used 68928K [0x0000000720000000, 0x0000000800000000)
  region size 1024K, 2 young (2048K), 2 survivors (2048K)
 Metaspace       used 59401K, capacity 61707K, committed 61952K, reserved 1101824K
  class space    used 7993K, capacity 8958K, committed 8960K, reserved 1048576K
}
Event: 14481.379 GC heap before
{Heap before GC invocations=864 (full 9):
 garbage-first heap   total 124928K, used 105792K [0x0000000720000000, 0x0000000800000000)
  region size 1024K, 38 young (38912K), 2 survivors (2048K)
 Metaspace       used 59405K, capacity 61713K, committed 61952K, reserved 1101824K
  class space    used 7994K, capacity 8959K, committed 8960K, reserved 1048576K
}
Event: 14481.385 GC heap after
{Heap after GC invocations=865 (full 9):
 garbage-first heap   total 124928K, used 72958K [0x0000000720000000, 0x0000000800000000)
  region size 1024K, 5 young (5120K), 5 survivors (5120K)
 Metaspace       used 59405K, capacity 61713K, committed 61952K, reserved 1101824K
  class space    used 7994K, capacity 8959K, committed 8960K, reserved 1048576K
}
Event: 14484.771 GC heap before
{Heap before GC invocations=865 (full 9):
 garbage-first heap   total 124928K, used 96510K [0x0000000720000000, 0x0000000800000000)
  region size 1024K, 29 young (29696K), 5 survivors (5120K)
 Metaspace       used 59412K, capacity 61725K, committed 62080K, reserved 1101824K
  class space    used 7995K, capacity 8962K, committed 9088K, reserved 1048576K
}

Deoptimization events (8 events):
Event: 3.058 Thread 0x000001db798b8000 DEOPT PACKING pc=0x000001db5f3c99b4 sp=0x00000053080fcf10
Event: 3.058 Thread 0x000001db798b8000 DEOPT UNPACKING pc=0x000001db5ea3993f sp=0x00000053080fc478 mode 0
Event: 5.565 Thread 0x000001db798b8000 DEOPT PACKING pc=0x000001db5f6d657c sp=0x00000053080fb390
Event: 5.565 Thread 0x000001db798b8000 DEOPT UNPACKING pc=0x000001db5ea3993f sp=0x00000053080fa830 mode 0
Event: 6.609 Thread 0x000001db798b8000 DEOPT PACKING pc=0x000001db5f3450bb sp=0x00000053080fd610
Event: 6.609 Thread 0x000001db798b8000 DEOPT UNPACKING pc=0x000001db5ea3993f sp=0x00000053080fcb18 mode 3
Event: 50.812 Thread 0x000001db79753000 DEOPT PACKING pc=0x000001db5f20a32c sp=0x00000053092fbf50
Event: 50.812 Thread 0x000001db79753000 DEOPT UNPACKING pc=0x000001db5ea3993f sp=0x00000053092fb478 mode 0

Classes unloaded (20 events):
Event: 12908.591 Thread 0x000001db78563000 Unloading class 0x0000000801350b60 'com/example/demo/model/Absence$HibernateProxy$KAeK095s'
Event: 12908.591 Thread 0x000001db78563000 Unloading class 0x00000008013508b0 'com/example/demo/model/Classe$HibernateProxy$6VqUW1Ka'
Event: 12908.591 Thread 0x000001db78563000 Unloading class 0x00000008013505d0 'com/example/demo/model/Etudiant$HibernateProxy$jr37cwzM'
Event: 12908.591 Thread 0x000001db78563000 Unloading class 0x0000000801350388 'com/example/demo/model/Absence'
Event: 12908.591 Thread 0x000001db78563000 Unloading class 0x0000000801350040 'com/sun/proxy/$Proxy122'
Event: 12908.591 Thread 0x000001db78563000 Unloading class 0x000000080134b4a8 'com/example/demo/ProjetSpring2020Application$$EnhancerBySpringCGLIB$$7bfd8290'
Event: 12908.591 Thread 0x000001db78563000 Unloading class 0x000000080134b248 'com/example/demo/model/Matiere'
Event: 12908.591 Thread 0x000001db78563000 Unloading class 0x000000080134b040 'com/example/demo/Repositry/MatierRepo'
Event: 12908.592 Thread 0x000001db78563000 Unloading class 0x000000080134aca8 'com/example/demo/model/Etudiant'
Event: 12908.592 Thread 0x000001db78563000 Unloading class 0x000000080134aaa0 'com/example/demo/Repositry/EtudiantRepo'
Event: 12908.592 Thread 0x000001db78563000 Unloading class 0x000000080134a840 'com/example/demo/model/Classe'
Event: 12908.592 Thread 0x000001db78563000 Unloading class 0x000000080134a4b8 'com/example/demo/Repositry/ClasseRepo'
Event: 12908.592 Thread 0x000001db78563000 Unloading class 0x000000080134a298 'com/example/demo/Service/MatierService'
Event: 12908.592 Thread 0x000001db78563000 Unloading class 0x000000080134a040 'com/example/demo/Service/EtudiantService'
Event: 12908.592 Thread 0x000001db78563000 Unloading class 0x0000000801348c98 'com/example/demo/Service/ClasseService'
Event: 12908.592 Thread 0x000001db78563000 Unloading class 0x0000000801348a50 'com/example/demo/Controller/MainController'
Event: 12908.592 Thread 0x000001db78563000 Unloading class 0x0000000801348840 'com/example/demo/ProjetSpring2020Application'
Event: 13259.030 Thread 0x000001db78563000 Unloading class 0x0000000801396040 'org/apache/catalina/loader/JdbcLeakPrevention'
Event: 13463.749 Thread 0x000001db78563000 Unloading class 0x000000080135a840 'org/apache/catalina/loader/JdbcLeakPrevention'
Event: 13996.926 Thread 0x000001db78563000 Unloading class 0x0000000801392840 'org/apache/catalina/loader/JdbcLeakPrevention'

Classes redefined (0 events):
No events

Internal exceptions (20 events):
Event: 13703.111 Thread 0x000001db79750800 Implicit null exception at 0x000001db5f403915 to 0x000001db5f403c83
Event: 13703.111 Thread 0x000001db79750800 Exception <a 'java/lang/NullPointerException'{0x0000000724719190}> (0x0000000724719190) 
thrown [t:/workspace/open/src/hotspot/share/runtime/sharedRuntime.cpp, line 585]
Event: 13703.111 Thread 0x000001db79750800 Implicit null exception at 0x000001db5f403915 to 0x000001db5f403c83
Event: 13703.111 Thread 0x000001db79750800 Exception <a 'java/lang/NullPointerException'{0x000000072471a270}> (0x000000072471a270) 
thrown [t:/workspace/open/src/hotspot/share/runtime/sharedRuntime.cpp, line 585]
Event: 13703.111 Thread 0x000001db79750800 Implicit null exception at 0x000001db5f403915 to 0x000001db5f403c83
Event: 13703.111 Thread 0x000001db79750800 Exception <a 'java/lang/NullPointerException'{0x000000072471b3c0}> (0x000000072471b3c0) 
thrown [t:/workspace/open/src/hotspot/share/runtime/sharedRuntime.cpp, line 585]
Event: 13703.111 Thread 0x000001db79750800 Implicit null exception at 0x000001db5f403915 to 0x000001db5f403c83
Event: 13703.111 Thread 0x000001db79750800 Exception <a 'java/lang/NullPointerException'{0x000000072471c4f8}> (0x000000072471c4f8) 
thrown [t:/workspace/open/src/hotspot/share/runtime/sharedRuntime.cpp, line 585]
Event: 13703.111 Thread 0x000001db79750800 Implicit null exception at 0x000001db5f403915 to 0x000001db5f403c83
Event: 13703.111 Thread 0x000001db79750800 Exception <a 'java/lang/NullPointerException'{0x000000072471d638}> (0x000000072471d638) 
thrown [t:/workspace/open/src/hotspot/share/runtime/sharedRuntime.cpp, line 585]
Event: 13703.203 Thread 0x000001db79750800 Exception <a 'java/io/FileNotFoundException'{0x0000000725344410}> (0x0000000725344410) 
thrown [t:/workspace/open/src/hotspot/share/prims/jni.cpp, line 598]
Event: 13703.762 Thread 0x000001db79750800 Exception <a 'java/lang/ClassNotFoundException'{0x00000007264570a0}: java/lang/ObjectCustomizer> (0x00000007264570a0) 
thrown [t:/workspace/open/src/hotspot/share/classfile/systemDictionary.cpp, line 232]
Event: 13703.763 Thread 0x000001db79750800 Exception <a 'java/lang/ClassNotFoundException'{0x000000072646e0f8}: com/example/demo/model/EtudiantCustomizer> (0x000000072646e0f8) 
thrown [t:/workspace/open/src/hotspot/share/classfile/systemDictionary.cpp, line 232]
Event: 13703.775 Thread 0x000001db79750800 Exception <a 'java/lang/ClassNotFoundException'{0x00000007264b48b8}: java/lang/ObjectCustomizer> (0x00000007264b48b8) 
thrown [t:/workspace/open/src/hotspot/share/classfile/systemDictionary.cpp, line 232]
Event: 13703.776 Thread 0x000001db79750800 Exception <a 'java/lang/ClassNotFoundException'{0x00000007264c7460}: com/example/demo/model/ClasseCustomizer> (0x00000007264c7460) 
thrown [t:/workspace/open/src/hotspot/share/classfile/systemDictionary.cpp, line 232]
Event: 13703.779 Thread 0x000001db79750800 Exception <a 'java/lang/ClassNotFoundException'{0x0000000726315198}: java/lang/ObjectCustomizer> (0x0000000726315198) 
thrown [t:/workspace/open/src/hotspot/share/classfile/systemDictionary.cpp, line 232]
Event: 13703.780 Thread 0x000001db79750800 Exception <a 'java/lang/ClassNotFoundException'{0x0000000726327d60}: com/example/demo/model/MatiereCustomizer> (0x0000000726327d60) 
thrown [t:/workspace/open/src/hotspot/share/classfile/systemDictionary.cpp, line 232]
Event: 14182.630 Thread 0x000001db7ca96800 Exception <a 'java/io/IOException'{0x00000007251dd1f8}> (0x00000007251dd1f8) 
thrown [t:/workspace/open/src/hotspot/share/prims/jni.cpp, line 598]
Event: 14194.761 Thread 0x000001db7ca95800 Exception <a 'java/lang/NoSuchMethodError'{0x0000000726bd8688}: 'java.lang.Object java.lang.invoke.DirectMethodHandle$Holder.invokeStaticInit(java.lang.Object, int)'> (0x0000000726bd8688) 
thrown [t:/workspace/open/src/hotspot/share/interpreter/linkResolver.cpp, line 767]
Event: 14484.767 Thread 0x000001db79757000 Exception <a 'java/lang/InterruptedException'{0x00000007262e6f68}: sleep interrupted> (0x00000007262e6f68) 
thrown [t:/workspace/open/src/hotspot/share/prims/jvm.cpp, line 2992]

Events (20 events):
Event: 14484.766 Executing VM operation: RevokeBias done
Event: 14484.766 Executing VM operation: RevokeBias
Event: 14484.766 Executing VM operation: RevokeBias done
Event: 14484.766 Executing VM operation: RevokeBias
Event: 14484.766 Executing VM operation: RevokeBias done
Event: 14484.766 Executing VM operation: RevokeBias
Event: 14484.766 Executing VM operation: RevokeBias done
Event: 14484.766 Executing VM operation: RevokeBias
Event: 14484.766 Executing VM operation: RevokeBias done
Event: 14484.766 Thread 0x000001db7d54f000 Thread exited: 0x000001db7d54f000
Event: 14484.767 Executing VM operation: BulkRevokeBias
Event: 14484.767 Executing VM operation: BulkRevokeBias done
Event: 14484.767 Executing VM operation: RevokeBias
Event: 14484.767 Thread 0x000001db79757000 Thread exited: 0x000001db79757000
Event: 14484.767 Executing VM operation: RevokeBias done
Event: 14484.770 Executing VM operation: RevokeBias
Event: 14484.770 Executing VM operation: RevokeBias done
Event: 14484.771 Executing VM operation: RevokeBias
Event: 14484.771 Executing VM operation: RevokeBias done
Event: 14484.771 Executing VM operation: G1CollectFull


Dynamic libraries:
0x00007ff657110000 - 0x00007ff65711f000 	C:\Program Files\Java\jdk-13.0.1\bin\javaw.exe
0x00007ffaa5ee0000 - 0x00007ffaa60d0000 	C:\WINDOWS\SYSTEM32\ntdll.dll
0x00007ffaa0ec0000 - 0x00007ffaa0ed4000 	C:\Program Files\AVAST Software\Avast\aswhook.dll
0x00007ffaa42e0000 - 0x00007ffaa4392000 	C:\WINDOWS\System32\KERNEL32.DLL
0x00007ffaa3be0000 - 0x00007ffaa3e83000 	C:\WINDOWS\System32\KERNELBASE.dll
0x00007ffaa3e90000 - 0x00007ffaa3f8a000 	C:\WINDOWS\System32\ucrtbase.dll
0x00007ffa9f610000 - 0x00007ffa9f628000 	C:\Program Files\Java\jdk-13.0.1\bin\jli.dll
0x00007ffaa5a10000 - 0x00007ffaa5ab3000 	C:\WINDOWS\System32\ADVAPI32.dll
0x00007ffaa5070000 - 0x00007ffaa510e000 	C:\WINDOWS\System32\msvcrt.dll
0x00007ffaa4200000 - 0x00007ffaa4297000 	C:\WINDOWS\System32\sechost.dll
0x00007ffaa5c50000 - 0x00007ffaa5d70000 	C:\WINDOWS\System32\RPCRT4.dll
0x00007ffaa5110000 - 0x00007ffaa52a4000 	C:\WINDOWS\System32\USER32.dll
0x00007ffaa3610000 - 0x00007ffaa3631000 	C:\WINDOWS\System32\win32u.dll
0x00007ffaa42a0000 - 0x00007ffaa42c6000 	C:\WINDOWS\System32\GDI32.dll
0x00007ffaa38c0000 - 0x00007ffaa3a54000 	C:\WINDOWS\System32\gdi32full.dll
0x00007ffaa3b40000 - 0x00007ffaa3bde000 	C:\WINDOWS\System32\msvcp_win.dll
0x00007ffa9b7f0000 - 0x00007ffa9b805000 	C:\Program Files\Java\jdk-13.0.1\bin\VCRUNTIME140.dll
0x00007ffa8ea80000 - 0x00007ffa8ed05000 	C:\WINDOWS\WinSxS\amd64_microsoft.windows.common-controls_6595b64144ccf1df_6.0.18362.535_none_e6c3b34713100821\COMCTL32.dll
0x00007ffaa4cd0000 - 0x00007ffaa5006000 	C:\WINDOWS\System32\combase.dll
0x00007ffaa36f0000 - 0x00007ffaa3770000 	C:\WINDOWS\System32\bcryptPrimitives.dll
0x00007ffa9d830000 - 0x00007ffa9d83a000 	C:\WINDOWS\SYSTEM32\VERSION.dll
0x00007ffaa5ac0000 - 0x00007ffaa5aee000 	C:\WINDOWS\System32\IMM32.DLL
0x00007ffa83f30000 - 0x00007ffa83fcb000 	C:\Program Files\Java\jdk-13.0.1\bin\msvcp140.dll
0x00007ffa748b0000 - 0x00007ffa75416000 	C:\Program Files\Java\jdk-13.0.1\bin\server\jvm.dll
0x00007ffaa41f0000 - 0x00007ffaa41f8000 	C:\WINDOWS\System32\PSAPI.DLL
0x00007ffa99930000 - 0x00007ffa99939000 	C:\WINDOWS\SYSTEM32\WSOCK32.dll
0x00007ffaa4c50000 - 0x00007ffaa4cbf000 	C:\WINDOWS\System32\WS2_32.dll
0x00007ffaa09f0000 - 0x00007ffaa0a14000 	C:\WINDOWS\SYSTEM32\WINMM.dll
0x00007ffaa08e0000 - 0x00007ffaa090d000 	C:\WINDOWS\SYSTEM32\WINMMBASE.dll
0x00007ffaa3af0000 - 0x00007ffaa3b3a000 	C:\WINDOWS\System32\cfgmgr32.dll
0x00007ffaa2e50000 - 0x00007ffaa2e61000 	C:\WINDOWS\System32\kernel.appcore.dll
0x00007ffa9f690000 - 0x00007ffa9f6a0000 	C:\Program Files\Java\jdk-13.0.1\bin\verify.dll
0x00007ffa9bae0000 - 0x00007ffa9bcd4000 	C:\WINDOWS\SYSTEM32\DBGHELP.DLL
0x00007ffa9bab0000 - 0x00007ffa9bada000 	C:\WINDOWS\SYSTEM32\dbgcore.DLL
0x00007ffa9a180000 - 0x00007ffa9a1a6000 	C:\Program Files\Java\jdk-13.0.1\bin\java.dll
0x00007ffa9a120000 - 0x00007ffa9a137000 	C:\Program Files\Java\jdk-13.0.1\bin\zip.dll
0x00007ffa9a110000 - 0x00007ffa9a11a000 	C:\Program Files\Java\jdk-13.0.1\bin\jimage.dll
0x00007ffaa43a0000 - 0x00007ffaa4a85000 	C:\WINDOWS\System32\SHELL32.dll
0x00007ffaa5df0000 - 0x00007ffaa5e99000 	C:\WINDOWS\System32\shcore.dll
0x00007ffaa2e90000 - 0x00007ffaa360f000 	C:\WINDOWS\System32\windows.storage.dll
0x00007ffaa2dc0000 - 0x00007ffaa2ddf000 	C:\WINDOWS\System32\profapi.dll
0x00007ffaa2de0000 - 0x00007ffaa2e2a000 	C:\WINDOWS\System32\powrprof.dll
0x00007ffaa2db0000 - 0x00007ffaa2dc0000 	C:\WINDOWS\System32\UMPDC.dll
0x00007ffaa4b20000 - 0x00007ffaa4b72000 	C:\WINDOWS\System32\shlwapi.dll
0x00007ffaa2e70000 - 0x00007ffaa2e87000 	C:\WINDOWS\System32\cryptsp.dll
0x00007ffa9a0f0000 - 0x00007ffa9a109000 	C:\Program Files\Java\jdk-13.0.1\bin\net.dll
0x00007ffa9b460000 - 0x00007ffa9b550000 	C:\WINDOWS\SYSTEM32\WINHTTP.dll
0x00007ffaa2620000 - 0x00007ffaa2687000 	C:\WINDOWS\system32\mswsock.dll
0x00007ffa9a030000 - 0x00007ffa9a043000 	C:\Program Files\Java\jdk-13.0.1\bin\nio.dll
0x00007ffa9a1b0000 - 0x00007ffa9a1b9000 	C:\Program Files\Java\jdk-13.0.1\bin\management.dll
0x00007ffa90c70000 - 0x00007ffa90c7b000 	C:\Program Files\Java\jdk-13.0.1\bin\management_ext.dll
0x00007ffa9af70000 - 0x00007ffa9af86000 	C:\WINDOWS\system32\napinsp.dll
0x00007ffa9af50000 - 0x00007ffa9af6a000 	C:\WINDOWS\system32\pnrpnsp.dll
0x00007ffaa2370000 - 0x00007ffaa243a000 	C:\WINDOWS\SYSTEM32\DNSAPI.dll
0x00007ffaa42d0000 - 0x00007ffaa42d8000 	C:\WINDOWS\System32\NSI.dll
0x00007ffaa2330000 - 0x00007ffaa236a000 	C:\WINDOWS\SYSTEM32\IPHLPAPI.DLL
0x00007ffa9af40000 - 0x00007ffa9af4e000 	C:\WINDOWS\System32\winrnr.dll
0x00007ffa9f5f0000 - 0x00007ffa9f60c000 	C:\WINDOWS\system32\NLAapi.dll
0x00007ffa96580000 - 0x00007ffa96595000 	C:\WINDOWS\system32\wshbth.dll
0x00007ffa9a020000 - 0x00007ffa9a02a000 	C:\Windows\System32\rasadhlp.dll
0x00007ffa9b9b0000 - 0x00007ffa9ba27000 	C:\WINDOWS\System32\fwpuclnt.dll
0x00007ffaa3ac0000 - 0x00007ffaa3ae6000 	C:\WINDOWS\System32\bcrypt.dll
0x00007ffaa2190000 - 0x00007ffaa21c3000 	C:\WINDOWS\system32\rsaenh.dll
0x00007ffaa2ca0000 - 0x00007ffaa2cc5000 	C:\WINDOWS\SYSTEM32\USERENV.dll
0x00007ffaa27f0000 - 0x00007ffaa27fc000 	C:\WINDOWS\SYSTEM32\CRYPTBASE.dll
0x00007ffa9bce0000 - 0x00007ffa9bcf6000 	C:\WINDOWS\SYSTEM32\dhcpcsvc6.DLL
0x00007ffa9c110000 - 0x00007ffa9c12c000 	C:\WINDOWS\SYSTEM32\dhcpcsvc.DLL

dbghelp: loaded successfully - version: 4.0.5 - missing functions: none
symbol engine: initialized successfully - sym options: 0x614 - pdb path: .;C:\Program Files\Java\jdk-13.0.1\bin;C:\WINDOWS\SYSTEM32;C:\Program Files\AVAST Software\Avast;C:\WINDOWS\WinSxS\amd64_microsoft.windows.common-controls_6595b64144ccf1df_6.0.18362.535_none_e6c3b34713100821;C:\Program Files\Java\jdk-13.0.1\bin\server

VM Arguments:
jvm_args: -Dcom.sun.management.jmxremote -Dcom.sun.management.jmxremote.port=64554 -Dcom.sun.management.jmxremote.authenticate=false -Dcom.sun.management.jmxremote.ssl=false -Djava.rmi.server.hostname=localhost -Dspring.jmx.enabled=true -Dspring.liveBeansView.mbeanDomain -Dspring.application.admin.enabled=true -Xverify:none -XX:TieredStopAtLevel=1 -Dspring.boot.project.name=projet_spring2020 -Dfile.encoding=UTF-8 
java_command: com.example.demo.ProjetSpring2020Application --spring.output.ansi.enabled=always
java_class_path (initial): C:\Users\Perso\Documents\workspace-sts-3.9.11.RELEASE\projet_spring2020\target\classes;C:\Users\Perso\.m2\repository\org\springframework\boot\spring-boot-starter-web\2.2.2.RELEASE\spring-boot-starter-web-2.2.2.RELEASE.jar;C:\Users\Perso\.m2\repository\org\springframework\boot\spring-boot-starter\2.2.2.RELEASE\spring-boot-starter-2.2.2.RELEASE.jar;C:\Users\Perso\.m2\repository\org\springframework\boot\spring-boot-starter-logging\2.2.2.RELEASE\spring-boot-starter-logging-2.2.2.RELEASE.jar;C:\Users\Perso\.m2\repository\ch\qos\logback\logback-classic\1.2.3\logback-classic-1.2.3.jar;C:\Users\Perso\.m2\repository\ch\qos\logback\logback-core\1.2.3\logback-core-1.2.3.jar;C:\Users\Perso\.m2\repository\org\apache\logging\log4j\log4j-to-slf4j\2.12.1\log4j-to-slf4j-2.12.1.jar;C:\Users\Perso\.m2\repository\org\apache\logging\log4j\log4j-api\2.12.1\log4j-api-2.12.1.jar;C:\Users\Perso\.m2\repository\org\slf4j\jul-to-slf4j\1.7.29\jul-to-slf4j-1.7.29.jar;C:\Users\Perso\.m2\repository\jakarta\annotation\jakarta.annotation-api\1.3.5\jakarta.annotation-api-1.3.5.jar;C:\Users\Perso\.m2\repository\org\yaml\snakeyaml\1.25\snakeyaml-1.25.jar;C:\Users\Perso\.m2\repository\org\springframework\boot\spring-boot-starter-json\2.2.2.RELEASE\spring-boot-starter-json-2.2.2.RELEASE.jar;C:\Users\Perso\.m2\repository\com\fasterxml\jackson\core\jackson-databind\2.10.1\jackson-databind-2.10.1.jar;C:\Users\Perso\.m2\repository\com\fasterxml\jackson\core\jackson-annotations\2.10.1\jackson-annotations-2.10.1.jar;C:\Users\Perso\.m2\repository\com\fasterxml\jackson\core\jackson-core\2.10.1\jackson-core-2.10.1.jar;C:\Users\Perso\.m2\repository\com\fasterxml\jackson\datatype\jackson-datatype-jdk8\2.10.1\jackson-datatype-jdk8-2.10.1.jar;C:\Users\Perso\.m2\repository\com\fasterxml\jackson\datatype\jackson-datatype-jsr310\2.10.1\jackson-datatype-jsr310-2.10.1.jar;C:\Users\Perso\.m2\repository\com\fasterxml\jackson\module\jackson-module-parameter-names\2.10.1\jackson-module-parameter-n
Launcher Type: SUN_STANDARD

[Global flags]
     intx CICompilerCount                          = 3                                         {product} {ergonomic}
     uint ConcGCThreads                            = 1                                         {product} {ergonomic}
     uint G1ConcRefinementThreads                  = 4                                         {product} {ergonomic}
   size_t G1HeapRegionSize                         = 1048576                                   {product} {ergonomic}
    uintx GCDrainStackTargetSize                   = 64                                        {product} {ergonomic}
   size_t InitialHeapSize                          = 234881024                                 {product} {ergonomic}
     bool ManagementServer                         = true                                      {product} {command line}
   size_t MarkStackSize                            = 4194304                                   {product} {ergonomic}
   size_t MaxHeapSize                              = 3758096384                                {product} {ergonomic}
   size_t MaxNewSize                               = 2254438400                                {product} {ergonomic}
   size_t MinHeapDeltaBytes                        = 1048576                                   {product} {ergonomic}
   size_t MinHeapSize                              = 8388608                                   {product} {ergonomic}
    uintx NonNMethodCodeHeapSize                   = 6973028                                {pd product} {ergonomic}
    uintx NonProfiledCodeHeapSize                  = 244685212                              {pd product} {ergonomic}
    uintx ProfiledCodeHeapSize                     = 0                                      {pd product} {ergonomic}
    uintx ReservedCodeCacheSize                    = 251658240                              {pd product} {ergonomic}
     bool SegmentedCodeCache                       = true                                      {product} {ergonomic}
   size_t SoftMaxHeapSize                          = 3758096384                             {manageable} {ergonomic}
     intx TieredStopAtLevel                        = 1                                         {product} {command line}
     bool UseCompressedClassPointers               = true                                 {lp64_product} {ergonomic}
     bool UseCompressedOops                        = true                                 {lp64_product} {ergonomic}
     bool UseG1GC                                  = true                                      {product} {ergonomic}
     bool UseLargePagesIndividualAllocation        = false                                  {pd product} {ergonomic}

Logging:
Log output configuration:
 #0: stdout all=warning uptime,level,tags
 #1: stderr all=off uptime,level,tags

Environment Variables:
PATH=C:\Program Files (x86)\Common Files\Oracle\Java\javapath;C:\Program Files (x86)\Common Files\Intel\Shared Libraries\redist\intel64_win\compiler;C:\Program Files (x86)\Common Files\Intel\Shared Libraries\redist\intel64\compiler;C:\ProgramData\Oracle\Java\javapath;C:\WINDOWS\system32;C:\WINDOWS;C:\WINDOWS\System32\Wbem;C:\WINDOWS\System32\WindowsPowerShell\v1.0\;C:\Program Files (x86)\ATI Technologies\ATI.ACE\Core-Static;C:\Program Files\Common Files\Autodesk Shared\;C:\Program Files (x86)\Autodesk\Backburner\;C:\WINDOWS\System32\OpenSSH\;C:\ProgramData\ComposerSetup\bin;C:\Users\Perso\AppData\Local\Microsoft\WindowsApps;C:\Users\Perso\AppData\Local\Programs\Microsoft VS Code\bin;C:\xampp\php;C:\Users\Perso\AppData\Roaming\Composer\vendor\bin;
USERNAME=Perso
OS=Windows_NT
PROCESSOR_IDENTIFIER=Intel64 Family 6 Model 44 Stepping 2, GenuineIntel



---------------  S Y S T E M  ---------------

OS: Windows 10 , 64 bit Build 18362 (10.0.18362.329)

CPU:total 4 (initial active 4) (4 cores per cpu, 2 threads per core) family 6 model 44 stepping 2, cmov, cx8, fxsr, mmx, sse, sse2, sse3, ssse3, sse4.1, sse4.2, popcnt, aes, clmul, ht, tsc, tscinvbit, tscinv

Memory: 4k page, system-wide physical 14333M (7167M free)
TotalPageFile size 16509M (AvailPageFile size 8071M)
current process WorkingSet (physical memory assigned to process): 278M, peak: 278M
current process commit charge ("private bytes"): 323M, peak: 339M

vm_info: Java HotSpot(TM) 64-Bit Server VM (13.0.1+9) for windows-amd64 JRE (13.0.1+9), built on Oct  6 2019 12:37:49 by "mach5one" with unknown MS VC++:1916

END.
